[    0.000000] Initializing cgroup subsys cpuset
[    0.000000] Initializing cgroup subsys cpu
[    0.000000] Initializing cgroup subsys cpuacct
[    0.000000] Linux version 4.4.0-210-generic (buildd@lgw01-amd64-009) (gcc version 5.4.0 20160609 (Ubuntu 5.4.0-6ubuntu1~16.04.12) ) #242-Ubuntu SMP Fri Apr 16 09:57:56 UTC 2021 (Ubuntu 4.4.0-210.242-generic 4.4.262)
[    0.000000] Command line: BOOT_IMAGE=/boot/vmlinuz-4.4.0-210-generic root=LABEL=cloudimg-rootfs ro console=tty1 console=ttyS0
[    0.000000] KERNEL supported cpus:
[    0.000000]   Intel GenuineIntel
[    0.000000]   AMD AuthenticAMD
[    0.000000]   Centaur CentaurHauls
[    0.000000] x86/fpu: xstate_offset[2]:  576, xstate_sizes[2]:  256
[    0.000000] x86/fpu: Supporting XSAVE feature 0x01: 'x87 floating point registers'
[    0.000000] x86/fpu: Supporting XSAVE feature 0x02: 'SSE registers'
[    0.000000] x86/fpu: Supporting XSAVE feature 0x04: 'AVX registers'
[    0.000000] x86/fpu: Enabled xstate features 0x7, context size is 832 bytes, using 'standard' format.
[    0.000000] e820: BIOS-provided physical RAM map:
[    0.000000] BIOS-e820: [mem 0x0000000000000000-0x000000000009fbff] usable
[    0.000000] BIOS-e820: [mem 0x000000000009fc00-0x000000000009ffff] reserved
[    0.000000] BIOS-e820: [mem 0x00000000000f0000-0x00000000000fffff] reserved
[    0.000000] BIOS-e820: [mem 0x0000000000100000-0x000000003ffeffff] usable
[    0.000000] BIOS-e820: [mem 0x000000003fff0000-0x000000003fffffff] ACPI data
[    0.000000] BIOS-e820: [mem 0x00000000fec00000-0x00000000fec00fff] reserved
[    0.000000] BIOS-e820: [mem 0x00000000fee00000-0x00000000fee00fff] reserved
[    0.000000] BIOS-e820: [mem 0x00000000fffc0000-0x00000000ffffffff] reserved
[    0.000000] NX (Execute Disable) protection: active
[    0.000000] SMBIOS 2.5 present.
[    0.000000] Hypervisor detected: KVM
[    0.000000] e820: last_pfn = 0x3fff0 max_arch_pfn = 0x400000000
[    0.000000] MTRR: Disabled
[    0.000000] x86/PAT: MTRRs disabled, skipping PAT initialization too.
[    0.000000] CPU MTRRs all blank - virtualized system.
[    0.000000] x86/PAT: Configuration [0-7]: WB  WT  UC- UC  WB  WT  UC- UC  
[    0.000000] found SMP MP-table at [mem 0x0009fff0-0x0009ffff] mapped at [ffff88000009fff0]
[    0.000000] Scanning 1 areas for low memory corruption
[    0.000000] RAMDISK: [mem 0x362dc000-0x37165fff]
[    0.000000] ACPI: Early table checksum verification disabled
[    0.000000] ACPI: RSDP 0x00000000000E0000 000024 (v02 VBOX  )
[    0.000000] ACPI: XSDT 0x000000003FFF0030 00003C (v01 VBOX   VBOXXSDT 00000001 ASL  00000061)
[    0.000000] ACPI: FACP 0x000000003FFF00F0 0000F4 (v04 VBOX   VBOXFACP 00000001 ASL  00000061)
[    0.000000] ACPI: DSDT 0x000000003FFF0470 002325 (v02 VBOX   VBOXBIOS 00000002 INTL 20100528)
[    0.000000] ACPI: FACS 0x000000003FFF0200 000040
[    0.000000] ACPI: FACS 0x000000003FFF0200 000040
[    0.000000] ACPI: APIC 0x000000003FFF0240 00005C (v02 VBOX   VBOXAPIC 00000001 ASL  00000061)
[    0.000000] ACPI: SSDT 0x000000003FFF02A0 0001CC (v01 VBOX   VBOXCPUT 00000002 INTL 20100528)
[    0.000000] No NUMA configuration found
[    0.000000] Faking a node at [mem 0x0000000000000000-0x000000003ffeffff]
[    0.000000] NODE_DATA(0) allocated [mem 0x3ffeb000-0x3ffeffff]
[    0.000000] kvm-clock: Using msrs 4b564d01 and 4b564d00
[    0.000000] kvm-clock: cpu 0, msr 0:3ffe3001, primary cpu clock
[    0.000000] kvm-clock: using sched offset of 3957399788 cycles
[    0.000000] clocksource: kvm-clock: mask: 0xffffffffffffffff max_cycles: 0x1cd42e4dffb, max_idle_ns: 881590591483 ns
[    0.000000] Zone ranges:
[    0.000000]   DMA      [mem 0x0000000000001000-0x0000000000ffffff]
[    0.000000]   DMA32    [mem 0x0000000001000000-0x000000003ffeffff]
[    0.000000]   Normal   empty
[    0.000000]   Device   empty
[    0.000000] Movable zone start for each node
[    0.000000] Early memory node ranges
[    0.000000]   node   0: [mem 0x0000000000001000-0x000000000009efff]
[    0.000000]   node   0: [mem 0x0000000000100000-0x000000003ffeffff]
[    0.000000] Initmem setup node 0 [mem 0x0000000000001000-0x000000003ffeffff]
[    0.000000] ACPI: PM-Timer IO Port: 0x4008
[    0.000000] IOAPIC[0]: apic_id 2, version 32, address 0xfec00000, GSI 0-23
[    0.000000] ACPI: INT_SRC_OVR (bus 0 bus_irq 0 global_irq 2 dfl dfl)
[    0.000000] ACPI: INT_SRC_OVR (bus 0 bus_irq 9 global_irq 9 low level)
[    0.000000] Using ACPI (MADT) for SMP configuration information
[    0.000000] smpboot: Allowing 2 CPUs, 0 hotplug CPUs
[    0.000000] PM: Registered nosave memory: [mem 0x00000000-0x00000fff]
[    0.000000] PM: Registered nosave memory: [mem 0x0009f000-0x0009ffff]
[    0.000000] PM: Registered nosave memory: [mem 0x000a0000-0x000effff]
[    0.000000] PM: Registered nosave memory: [mem 0x000f0000-0x000fffff]
[    0.000000] e820: [mem 0x40000000-0xfebfffff] available for PCI devices
[    0.000000] Booting paravirtualized kernel on KVM
[    0.000000] clocksource: refined-jiffies: mask: 0xffffffff max_cycles: 0xffffffff, max_idle_ns: 7645519600211568 ns
[    0.000000] setup_percpu: NR_CPUS:512 nr_cpumask_bits:512 nr_cpu_ids:2 nr_node_ids:1
[    0.000000] PERCPU: Embedded 33 pages/cpu @ffff88003fc00000 s95192 r8192 d31784 u1048576
[    0.000000] Built 1 zonelists in Node order, mobility grouping on.  Total pages: 257912
[    0.000000] Policy zone: DMA32
[    0.000000] Kernel command line: BOOT_IMAGE=/boot/vmlinuz-4.4.0-210-generic root=LABEL=cloudimg-rootfs ro console=tty1 console=ttyS0
[    0.000000] PID hash table entries: 4096 (order: 3, 32768 bytes)
[    0.000000] Memory: 997792K/1048120K available (8644K kernel code, 1332K rwdata, 4044K rodata, 1492K init, 1164K bss, 50328K reserved, 0K cma-reserved)
[    0.000000] SLUB: HWalign=64, Order=0-3, MinObjects=0, CPUs=2, Nodes=1
[    0.000000] Kernel/User page tables isolation: enabled
[    0.000000] Hierarchical RCU implementation.
[    0.000000] 	Build-time adjustment of leaf fanout to 64.
[    0.000000] 	RCU restricting CPUs from NR_CPUS=512 to nr_cpu_ids=2.
[    0.000000] RCU: Adjusting geometry for rcu_fanout_leaf=64, nr_cpu_ids=2
[    0.000000] NR_IRQS:33024 nr_irqs:440 16
[    0.000000] Console: colour VGA+ 80x25
[    0.000000] console [tty1] enabled
[    0.000000] console [ttyS0] enabled
[    0.000000] tsc: Detected 2693.764 MHz processor
[    0.163801] Calibrating delay loop (skipped) preset value.. 5387.52 BogoMIPS (lpj=10775056)
[    0.165655] pid_max: default: 32768 minimum: 301
[    0.166676] ACPI: Core revision 20150930
[    0.168705] ACPI: 2 ACPI AML tables successfully acquired and loaded
[    0.170207] Security Framework initialized
[    0.171245] Yama: becoming mindful.
[    0.172129] AppArmor: AppArmor initialized
[    0.173163] Dentry cache hash table entries: 131072 (order: 8, 1048576 bytes)
[    0.178006] Inode-cache hash table entries: 65536 (order: 7, 524288 bytes)
[    0.181116] Mount-cache hash table entries: 2048 (order: 2, 16384 bytes)
[    0.182346] Mountpoint-cache hash table entries: 2048 (order: 2, 16384 bytes)
[    0.183938] Initializing cgroup subsys io
[    0.184790] Initializing cgroup subsys memory
[    0.185677] Initializing cgroup subsys devices
[    0.186584] Initializing cgroup subsys freezer
[    0.187595] Initializing cgroup subsys net_cls
[    0.188757] Initializing cgroup subsys perf_event
[    0.189842] Initializing cgroup subsys net_prio
[    0.190846] Initializing cgroup subsys hugetlb
[    0.192052] Initializing cgroup subsys pids
[    0.193883] mce: CPU supports 0 MCE banks
[    0.194929] Last level iTLB entries: 4KB 1024, 2MB 1024, 4MB 1024
[    0.196919] Last level dTLB entries: 4KB 1024, 2MB 1024, 4MB 1024, 1GB 4
[    0.198248] Spectre V1 : Mitigation: usercopy/swapgs barriers and __user pointer sanitization
[    0.200862] Spectre V2 : Mitigation: Full generic retpoline
[    0.202537] Spectre V2 : Spectre v2 / SpectreRSB mitigation: Filling RSB on context switch
[    0.205025] Speculative Store Bypass: Vulnerable
[    0.206009] SRBDS: Unknown: Dependent on hypervisor status
[    0.207367] MDS: Mitigation: Clear CPU buffers
[    0.210989] Freeing SMP alternatives memory: 36K
[    0.218014] ftrace: allocating 32380 entries in 127 pages
[    0.277387] smpboot: APIC(0) Converting physical 0 to logical package 0
[    0.279038] smpboot: Max logical packages: 1
[    0.280219] x2apic enabled
[    0.281136] Switched APIC routing to physical x2apic.
[    0.283299] ..TIMER: vector=0x30 apic1=0 pin1=2 apic2=-1 pin2=-1
[    0.392662] smpboot: CPU0: Intel(R) Core(TM) i7-4600U CPU @ 2.10GHz (family: 0x6, model: 0x45, stepping: 0x1)
[    0.394994] Performance Events: unsupported p6 CPU model 69 no PMU driver, software events only.
[    0.413848] KVM setup paravirtual spinlock
[    0.415438] x86: Booting SMP configuration:
[    0.416389] .... node  #0, CPUs:      #1
[    0.417486] kvm-clock: cpu 1, msr 0:3ffe3041, secondary cpu clock
[    0.419517] mce: CPU supports 0 MCE banks
[    0.422273] x86: Booted up 1 node, 2 CPUs
[    0.423428] smpboot: Total of 2 processors activated (10775.05 BogoMIPS)
[    0.425359] devtmpfs: initialized
[    0.427426] evm: security.selinux
[    0.428240] evm: security.SMACK64
[    0.429034] evm: security.SMACK64EXEC
[    0.429964] evm: security.SMACK64TRANSMUTE
[    0.430980] evm: security.SMACK64MMAP
[    0.431833] evm: security.ima
[    0.432570] evm: security.capability
[    0.433672] clocksource: jiffies: mask: 0xffffffff max_cycles: 0xffffffff, max_idle_ns: 7645041785100000 ns
[    0.435753] futex hash table entries: 512 (order: 3, 32768 bytes)
[    0.437272] pinctrl core: initialized pinctrl subsystem
[    0.438681] RTC time:  8:38:42, date: 10/17/21
[    0.440036] NET: Registered protocol family 16
[    0.453635] cpuidle: using governor ladder
[    0.466229] cpuidle: using governor menu
[    0.467258] PCCT header not found.
[    0.468224] ACPI: bus type PCI registered
[    0.469307] acpiphp: ACPI Hot Plug PCI Controller Driver version: 0.5
[    0.471084] PCI: Using configuration type 1 for base access
[    0.486513] ACPI: Added _OSI(Module Device)
[    0.487830] ACPI: Added _OSI(Processor Device)
[    0.489608] ACPI: Added _OSI(3.0 _SCP Extensions)
[    0.490828] ACPI: Added _OSI(Processor Aggregator Device)
[    0.493161] ACPI: Executed 1 blocks of module-level executable AML code
[    0.497021] ACPI: Interpreter enabled
[    0.497997] ACPI: (supports S0 S5)
[    0.498902] ACPI: Using IOAPIC for interrupt routing
[    0.500233] PCI: Using host bridge windows from ACPI; if necessary, use "pci=nocrs" and report a bug
[    0.506526] ACPI: PCI Root Bridge [PCI0] (domain 0000 [bus 00-ff])
[    0.507986] acpi PNP0A03:00: _OSC: OS supports [ASPM ClockPM Segments MSI]
[    0.510075] acpi PNP0A03:00: _OSC: not requesting OS control; OS requires [ExtendedConfig ASPM ClockPM MSI]
[    0.512462] acpi PNP0A03:00: fail to add MMCONFIG information, can't access extended PCI configuration space under this bridge.
[    0.515261] PCI host bridge to bus 0000:00
[    0.516259] pci_bus 0000:00: root bus resource [io  0x0000-0x0cf7 window]
[    0.517669] pci_bus 0000:00: root bus resource [io  0x0d00-0xffff window]
[    0.519204] pci_bus 0000:00: root bus resource [mem 0x000a0000-0x000bffff window]
[    0.521336] pci_bus 0000:00: root bus resource [mem 0x40000000-0xfdffffff window]
[    0.523171] pci_bus 0000:00: root bus resource [bus 00-ff]
[    0.526069] pci 0000:00:01.1: legacy IDE quirk: reg 0x10: [io  0x01f0-0x01f7]
[    0.527498] pci 0000:00:01.1: legacy IDE quirk: reg 0x14: [io  0x03f6]
[    0.528881] pci 0000:00:01.1: legacy IDE quirk: reg 0x18: [io  0x0170-0x0177]
[    0.539222] pci 0000:00:01.1: legacy IDE quirk: reg 0x1c: [io  0x0376]
[    0.558006] pci 0000:00:07.0: quirk: [io  0x4000-0x403f] claimed by PIIX4 ACPI
[    0.559768] pci 0000:00:07.0: quirk: [io  0x4100-0x410f] claimed by PIIX4 SMB
[    0.572069] ACPI: PCI Interrupt Link [LNKA] (IRQs 5 9 10 *11)
[    0.574009] ACPI: PCI Interrupt Link [LNKB] (IRQs 5 9 *10 11)
[    0.575826] ACPI: PCI Interrupt Link [LNKC] (IRQs 5 *9 10 11)
[    0.577658] ACPI: PCI Interrupt Link [LNKD] (IRQs 5 9 10 *11)
[    0.579517] ACPI: Enabled 2 GPEs in block 00 to 07
[    0.581001] vgaarb: setting as boot device: PCI:0000:00:02.0
[    0.582288] vgaarb: device added: PCI:0000:00:02.0,decodes=io+mem,owns=io+mem,locks=none
[    0.584182] vgaarb: loaded
[    0.584893] vgaarb: bridge control possible 0000:00:02.0
[    0.586283] SCSI subsystem initialized
[    0.587400] ACPI: bus type USB registered
[    0.588423] usbcore: registered new interface driver usbfs
[    0.589623] usbcore: registered new interface driver hub
[    0.590753] usbcore: registered new device driver usb
[    0.595543] PCI: Using ACPI for IRQ routing
[    0.596813] NetLabel: Initializing
[    0.597641] NetLabel:  domain hash size = 128
[    0.598670] NetLabel:  protocols = UNLABELED CIPSOv4
[    0.599778] NetLabel:  unlabeled traffic allowed by default
[    0.601120] amd_nb: Cannot enumerate AMD northbridges
[    0.602269] clocksource: Switched to clocksource kvm-clock
[    0.614822] AppArmor: AppArmor Filesystem Enabled
[    0.615934] pnp: PnP ACPI init
[    0.617518] pnp: PnP ACPI: found 3 devices
[    0.628727] clocksource: acpi_pm: mask: 0xffffff max_cycles: 0xffffff, max_idle_ns: 2085701024 ns
[    0.630630] NET: Registered protocol family 2
[    0.631806] TCP established hash table entries: 8192 (order: 4, 65536 bytes)
[    0.633298] TCP bind hash table entries: 8192 (order: 5, 131072 bytes)
[    0.634634] TCP: Hash tables configured (established 8192 bind 8192)
[    0.636034] UDP hash table entries: 512 (order: 2, 16384 bytes)
[    0.637383] UDP-Lite hash table entries: 512 (order: 2, 16384 bytes)
[    0.638772] NET: Registered protocol family 1
[    0.639781] pci 0000:00:00.0: Limiting direct PCI/PCI transfers
[    0.641030] pci 0000:00:01.0: Activating ISA DMA hang workarounds
[    0.642448] Unpacking initramfs...
[    0.903654] Freeing initrd memory: 14888K
[    0.904662] RAPL PMU detected, API unit is 2^-32 Joules, 4 fixed counters 10737418240 ms ovfl timer
[    0.906481] hw unit of domain pp0-core 2^-0 Joules
[    0.907509] hw unit of domain package 2^-0 Joules
[    0.908463] hw unit of domain dram 2^-0 Joules
[    0.909383] hw unit of domain pp1-gpu 2^-0 Joules
[    0.910371] clocksource: tsc: mask: 0xffffffffffffffff max_cycles: 0x26d43bb7f27, max_idle_ns: 440795270902 ns
[    0.912442] platform rtc_cmos: registered platform RTC device (no PNP device found)
[    0.914079] Scanning for low memory corruption every 60 seconds
[    0.915651] audit: initializing netlink subsys (disabled)
[    0.916733] audit: type=2000 audit(1634459928.182:1): initialized
[    0.918160] Initialise system trusted keyring
[    0.919301] HugeTLB registered 2 MB page size, pre-allocated 0 pages
[    0.921873] zbud: loaded
[    0.922851] VFS: Disk quotas dquot_6.6.0
[    0.923712] VFS: Dquot-cache hash table entries: 512 (order 0, 4096 bytes)
[    0.925227] squashfs: version 4.0 (2009/01/31) Phillip Lougher
[    0.926692] fuse init (API version 7.23)
[    0.927667] Key type big_key registered
[    0.928526] Allocating IMA MOK and blacklist keyrings.
[    0.930914] Key type asymmetric registered
[    0.931916] Asymmetric key parser 'x509' registered
[    0.932993] Block layer SCSI generic (bsg) driver version 0.4 loaded (major 249)
[    0.934767] io scheduler noop registered
[    0.935689] io scheduler deadline registered (default)
[    0.936941] io scheduler cfq registered
[    0.937916] pci_hotplug: PCI Hot Plug PCI Core version: 0.5
[    0.939074] pciehp: PCI Express Hot Plug Controller Driver version: 0.4
[    0.940466] ACPI: AC Adapter [AC] (on-line)
[    0.941421] input: Power Button as /devices/LNXSYSTM:00/LNXPWRBN:00/input/input0
[    0.943035] ACPI: Power Button [PWRF]
[    0.943898] input: Sleep Button as /devices/LNXSYSTM:00/LNXSLPBN:00/input/input1
[    0.945461] ACPI: Sleep Button [SLPF]
[    0.947093] ACPI: Battery Slot [BAT0] (battery present)
[    0.948168] GHES: HEST is not enabled!
[    0.949065] Serial: 8250/16550 driver, 32 ports, IRQ sharing enabled
[    0.970888] 00:02: ttyS0 at I/O 0x3f8 (irq = 4, base_baud = 115200) is a 16550A
[    0.976336] Linux agpgart interface v0.103
[    0.978972] loop: module loaded
[    0.980212] scsi host0: ata_piix
[    0.981082] scsi host1: ata_piix
[    0.981852] ata1: PATA max UDMA/33 cmd 0x1f0 ctl 0x3f6 bmdma 0xd000 irq 14
[    0.983185] ata2: PATA max UDMA/33 cmd 0x170 ctl 0x376 bmdma 0xd008 irq 15
[    0.984545] libphy: Fixed MDIO Bus: probed
[    0.985499] tun: Universal TUN/TAP device driver, 1.6
[    0.986551] tun: (C) 1999-2004 Max Krasnyansky <maxk@qualcomm.com>
[    0.988162] PPP generic driver version 2.4.2
[    0.989271] ehci_hcd: USB 2.0 'Enhanced' Host Controller (EHCI) Driver
[    0.990683] ehci-pci: EHCI PCI platform driver
[    0.991704] ehci-platform: EHCI generic platform driver
[    0.992844] ohci_hcd: USB 1.1 'Open' Host Controller (OHCI) Driver
[    0.994698] ohci-pci: OHCI PCI platform driver
[    0.996319] ohci-platform: OHCI generic platform driver
[    0.997475] uhci_hcd: USB Universal Host Controller Interface driver
[    0.998884] i8042: PNP: PS/2 Controller [PNP0303:PS2K,PNP0f03:PS2M] at 0x60,0x64 irq 1,12
[    1.001172] serio: i8042 KBD port at 0x60,0x64 irq 1
[    1.002237] serio: i8042 AUX port at 0x60,0x64 irq 12
[    1.003759] mousedev: PS/2 mouse device common for all mice
[    1.005873] input: AT Translated Set 2 keyboard as /devices/platform/i8042/serio0/input/input2
[    1.008400] rtc_cmos rtc_cmos: rtc core: registered rtc_cmos as rtc0
[    1.009810] rtc_cmos rtc_cmos: alarms up to one day, 114 bytes nvram
[    1.011210] i2c /dev entries driver
[    1.012081] device-mapper: uevent: version 1.0.3
[    1.013257] device-mapper: ioctl: 4.34.0-ioctl (2015-10-28) initialised: dm-devel@redhat.com
[    1.015170] ledtrig-cpu: registered to indicate activity on CPUs
[    1.016997] NET: Registered protocol family 10
[    1.018238] NET: Registered protocol family 17
[    1.019326] Key type dns_resolver registered
[    1.021329] registered taskstats version 1
[    1.022396] Loading compiled-in X.509 certificates
[    1.024074] Loaded X.509 cert 'Build time autogenerated kernel key: cf00e047681d67edb2720680708b7d9498083038'
[    1.026908] zswap: loaded using pool lzo/zbud
[    1.030118] Key type trusted registered
[    1.035355] Key type encrypted registered
[    1.036338] AppArmor: AppArmor sha1 policy hashing enabled
[    1.037673] ima: No TPM chip found, activating TPM-bypass!
[    1.038947] ima: Allocated hash algorithm: sha1
[    1.040039] evm: HMAC attrs: 0x1
[    1.041289]   Magic number: 9:729:624
[    1.042312] rtc_cmos rtc_cmos: setting system clock to 2021-10-17 08:38:43 UTC (1634459923)
[    1.044323] BIOS EDD facility v0.16 2004-Jun-25, 0 devices found
[    1.045576] EDD information not available.
[    1.174523] Freeing unused kernel memory: 1492K
[    1.177844] Write protecting the kernel read-only data: 14336k
[    1.180986] Freeing unused kernel memory: 1584K
[    1.183218] Freeing unused kernel memory: 52K
Loading, please wait...
starting version 229
[    1.208097] random: systemd-udevd: uninitialized urandom read (16 bytes read, 2 bits of entropy available)
[    1.208896] random: udevadm: uninitialized urandom read (16 bytes read, 2 bits of entropy available)
[    1.208923] random: udevadm: uninitialized urandom read (16 bytes read, 2 bits of entropy available)
[    1.219632] random: systemd-udevd: uninitialized urandom read (16 bytes read, 2 bits of entropy available)
[    1.222907] random: udevadm: uninitialized urandom read (16 bytes read, 2 bits of entropy available)
[    1.222976] random: udevadm: uninitialized urandom read (16 bytes read, 2 bits of entropy available)
[    1.223193] random: udevadm: uninitialized urandom read (16 bytes read, 2 bits of entropy available)
[    1.223276] random: udevadm: uninitialized urandom read (16 bytes read, 2 bits of entropy available)
[    1.223353] random: udevadm: uninitialized urandom read (16 bytes read, 2 bits of entropy available)
[    1.223477] random: udevadm: uninitialized urandom read (16 bytes read, 2 bits of entropy available)
[    1.276022] e1000: Intel(R) PRO/1000 Network Driver - version 7.3.21-k8-NAPI
[    1.277682] e1000: Copyright (c) 1999-2006 Intel Corporation.
[    1.279206] Fusion MPT base driver 3.04.20
[    1.280304] Copyright (c) 1999-2008 LSI Corporation
[    1.285836] Fusion MPT SPI Host driver 3.04.20
[    1.303828] AVX2 version of gcm_enc/dec engaged.
[    1.304930] AES CTR mode by8 optimization enabled
[    1.503892] input: ImExPS/2 Generic Explorer Mouse as /devices/platform/i8042/serio1/input/input4
[    1.675390] e1000 0000:00:03.0 eth0: (PCI:33MHz:32-bit) 02:a0:46:b5:71:eb
[    1.676681] e1000 0000:00:03.0 eth0: Intel(R) PRO/1000 Network Connection
[    3.035848] e1000 0000:00:08.0 eth1: (PCI:33MHz:32-bit) 08:00:27:41:73:18
[    3.038733] e1000 0000:00:08.0 eth1: Intel(R) PRO/1000 Network Connection
[    3.043378] mptbase: ioc0: Initiating bringup
[    3.044097] e1000 0000:00:03.0 enp0s3: renamed from eth0
[    3.059628] e1000 0000:00:08.0 enp0s8: renamed from eth1
[    3.111140] ioc0: LSI53C1030 A0: Capabilities={Initiator}
[    3.279085] scsi host2: ioc0: LSI53C1030 A0, FwRev=00000000h, Ports=1, MaxQ=256, IRQ=20
[    3.395883] scsi 2:0:0:0: Direct-Access     VBOX     HARDDISK         1.0  PQ: 0 ANSI: 5
[    3.448011] scsi target2:0:0: Beginning Domain Validation
[    3.457805] scsi target2:0:0: Domain Validation skipping write tests
[    3.461357] scsi target2:0:0: Ending Domain Validation
[    3.465341] scsi target2:0:0: asynchronous
[    3.468733] scsi 2:0:1:0: Direct-Access     VBOX     HARDDISK         1.0  PQ: 0 ANSI: 5
[    3.472320] scsi target2:0:1: Beginning Domain Validation
[    3.487947] scsi target2:0:1: Domain Validation skipping write tests
[    3.489325] scsi target2:0:1: Ending Domain Validation
[    3.490446] scsi target2:0:1: asynchronous
[    3.497781] sd 2:0:0:0: [sda] 83886080 512-byte logical blocks: (42.9 GB/40.0 GiB)
[    3.499776] sd 2:0:0:0: [sda] Write Protect is off
[    3.501264] sd 2:0:0:0: [sda] Incomplete mode parameter data
[    3.504348] sd 2:0:0:0: [sda] Assuming drive cache: write through
[    3.516716] sd 2:0:0:0: Attached scsi generic sg0 type 0
[    3.519084] sd 2:0:1:0: Attached scsi generic sg1 type 0
[    3.520417] sd 2:0:1:0: [sdb] 20480 512-byte logical blocks: (10.5 MB/10.0 MiB)
[    3.522707] sd 2:0:1:0: [sdb] Write Protect is off
[    3.524517] sd 2:0:1:0: [sdb] Incomplete mode parameter data
[    3.525715] sd 2:0:1:0: [sdb] Assuming drive cache: write through
[    3.596712]  sda: sda1
[    3.602812] sd 2:0:0:0: [sda] Attached SCSI disk
[    3.625726] sd 2:0:1:0: [sdb] Attached SCSI disk
Begin: Loading essential drivers ... [    5.092803] md: linear personality registered for level -1
[    5.096625] md: multipath personality registered for level -4
[    5.101018] md: raid0 personality registered for level 0
[    5.106251] md: raid1 personality registered for level 1
[    5.178388] raid6: sse2x1   gen()  8750 MB/s
[    5.246376] raid6: sse2x1   xor()  6919 MB/s
[    5.314369] raid6: sse2x2   gen() 11394 MB/s
[    5.382413] raid6: sse2x2   xor()  8196 MB/s
[    5.450372] raid6: sse2x4   gen() 12534 MB/s
[    5.518333] raid6: sse2x4   xor()  7382 MB/s
[    5.586373] raid6: avx2x1   gen() 16740 MB/s
[    5.654373] raid6: avx2x2   gen() 20569 MB/s
[    5.722359] raid6: avx2x4   gen() 13948 MB/s
[    5.723280] raid6: using algorithm avx2x2 gen() 20569 MB/s
[    5.724363] raid6: using avx2x2 recovery algorithm
[    5.726431] xor: automatically using best checksumming function:
[    5.766354]    avx       : 25237.000 MB/sec
[    5.769003] async_tx: api initialized (async)
[    5.782189] md: raid6 personality registered for level 6
[    5.783492] md: raid5 personality registered for level 5
[    5.784791] md: raid4 personality registered for level 4
[    5.792518] md: raid10 personality registered for level 10
done.
Begin: Running /scripts/init-premount ... done.
Begin: Mounting root file system ... Begin: Running /scripts/local-top ... done.
Begin: Running /scripts/local-premount ... [    5.826146] Btrfs loaded
Scanning for Btrfs filesystems
done.
Warning: fsck not present, so skipping root file system
[    5.985053] EXT4-fs (sda1): mounted filesystem with ordered data mode. Opts: (null)
done.
Begin: Running /scripts/local-bottom ... done.
Begin: Running /scripts/init-bottom ... done.
[    6.940170] systemd[1]: systemd 229 running in system mode. (+PAM +AUDIT +SELINUX +IMA +APPARMOR +SMACK +SYSVINIT +UTMP +LIBCRYPTSETUP +GCRYPT +GNUTLS +ACL +XZ -LZ4 +SECCOMP +BLKID +ELFUTILS +KMOD -IDN)
[    6.947437] systemd[1]: Detected virtualization oracle.
[    6.949678] systemd[1]: Detected architecture x86-64.
[    7.005079] random: nonblocking pool is initialized

Welcome to [1mUbuntu 16.04.7 LTS[0m!

[    7.028105] systemd[1]: Set hostname to <ubuntu>.
[    7.068279] systemd[1]: Initializing machine ID from random generator.
[    7.074498] systemd[1]: Installed transient /etc/machine-id file.
[    8.267405] systemd[1]: Listening on Journal Socket (/dev/log).
[[0;32m  OK  [0m] Listening on Journal Socket (/dev/log).
[    8.269646] systemd[1]: Listening on LVM2 poll daemon socket.
[[0;32m  OK  [0m] Listening on LVM2 poll daemon socket.
[    8.271589] systemd[1]: Listening on LVM2 metadata daemon socket.
[[0;32m  OK  [0m] Listening on LVM2 metadata daemon socket.
[    8.273462] systemd[1]: Reached target User and Group Name Lookups.
[[0;32m  OK  [0m] Reached target User and Group Name Lookups.
[    8.275765] systemd[1]: Reached target System Time Synchronized.
[[0;32m  OK  [0m] Reached target System Time Synchronized.
[    8.278144] systemd[1]: Set up automount Arbitrary Executable File Formats File System Automount Point.
[[0;32m  OK  [0m] Set up automount Arbitrary Executab...ats File System Automount Point.
[    8.281964] systemd[1]: Listening on Device-mapper event daemon FIFOs.
[[0;32m  OK  [0m] Listening on Device-mapper event daemon FIFOs.
[    8.284264] systemd[1]: Listening on /dev/initctl Compatibility Named Pipe.
[[0;32m  OK  [0m] Listening on /dev/initctl Compatibility Named Pipe.
[    8.286780] systemd[1]: Listening on udev Kernel Socket.
[[0;32m  OK  [0m] Listening on udev Kernel Socket.
[    8.295567] systemd[1]: Listening on Syslog Socket.
[[0;32m  OK  [0m] Listening on Syslog Socket.
[    8.303433] systemd[1]: Listening on Journal Audit Socket.
[[0;32m  OK  [0m] Listening on Journal Audit Socket.
[    8.306112] systemd[1]: Created slice System Slice.
[[0;32m  OK  [0m] Created slice System Slice.
[    8.308227] systemd[1]: Created slice system-serial\x2dgetty.slice.
[[0;32m  OK  [0m] Created slice system-serial\x2dgetty.slice.
[    8.319293] systemd[1]: Reached target Swap.
[[0;32m  OK  [0m] Reached target Swap.
[    8.321360] systemd[1]: Started Forward Password Requests to Wall Directory Watch.
[[0;32m  OK  [0m] Started Forward Password Requests to Wall Directory Watch.
[    8.324194] systemd[1]: Listening on udev Control Socket.
[[0;32m  OK  [0m] Listening on udev Control Socket.
[    8.326557] systemd[1]: Created slice User and Session Slice.
[[0;32m  OK  [0m] Created slice User and Session Slice.
[    8.328793] systemd[1]: Reached target Slices.
[[0;32m  OK  [0m] Reached target Slices.
[    8.330616] systemd[1]: Listening on fsck to fsckd communication Socket.
[[0;32m  OK  [0m] Listening on fsck to fsckd communication Socket.
[    8.333051] systemd[1]: Reached target Encrypted Volumes.
[[0;32m  OK  [0m] Reached target Encrypted Volumes.
[    8.343244] systemd[1]: Listening on Journal Socket.
[[0;32m  OK  [0m] Listening on Journal Socket.
[    8.367093] systemd[1]: Starting Journal Service...
         Starting Journal Service...
[    8.369910] systemd[1]: Starting Create list of required static device nodes for the current kernel...
         Starting Create list of required st... nodes for the current kernel...
[    8.379332] systemd[1]: Mounting POSIX Message Queue File System...
         Mounting POSIX Message Queue File System...
[    8.388063] systemd[1]: Starting Set console keymap...
         Starting Set console keymap...
[    8.458488] systemd[1]: Starting Uncomplicated firewall...
         Starting Uncomplicated firewall...
[    8.467183] systemd[1]: Starting Nameserver information manager...
         Starting Nameserver information manager...
[    8.470151] systemd[1]: Starting File System Check on Root Device...
         Starting File System Check on Root Device...
[    8.473297] systemd[1]: Mounting Huge Pages File System...
         Mounting Huge Pages File System...
[    8.476617] systemd[1]: Mounting Debug File System...
         Mounting Debug File System...
[    8.479645] systemd[1]: Starting Monitoring of LVM2 mirrors, snapshots etc. using dmeventd or progress polling...
         Starting Monitoring of LVM2 mirrors... dmeventd or progress polling...
[    8.563047] systemd[1]: Starting Load Kernel Modules...
         Starting Load Kernel Modules...
[    8.571388] systemd[1]: Started Trigger resolvconf update for networkd DNS.
[[0;32m  OK  [0m] Started Trigger resolvconf update for networkd DNS.
[    8.587638] systemd[1]: Mounted POSIX Message Queue File System.
[[0;32m  OK  [0m] Mounted POSIX Message Queue File System.
[    8.592797] systemd[1]: Mounted Huge Pages File System.
[[0;32m  OK  [0m] Mounted Huge Pages File System.
[    8.598977] systemd[1]: Mounted Debug File System.
[[0;32m  OK  [0m] Mounted Debug File System.
[    8.603387] systemd[1]: Started Create list of required static device nodes for the current kernel.
[[0;32m  OK  [0m] Started Create list of required sta...ce nodes for the current kernel.
[    8.616327] systemd[1]: Started File System Check Daemon to report status.
[[0;32m  OK  [0m] Started File System Check Daemon to report status.
[    8.623280] systemd[1]: Starting Create Static Device Nodes in /dev...
         Starting Create Static Device Nodes in /dev...
[    8.685001] systemd[1]: Started Uncomplicated firewall.
[[0;32m  OK  [0m] Started Uncomplicated firewall.
[    8.712608] systemd[1]: Started Set console keymap.
[[0;32m  OK  [0m] Started Set console keymap.
[    8.746523] systemd[1]: Started Nameserver information manager.
[[0;32m  OK  [0m] Started Nameserver information manager.
[    8.837768] Loading iSCSI transport class v2.0-870.
[    8.952439] iscsi: registered transport (tcp)
[    8.970223] systemd[1]: Started File System Check on Root Device.
[[0;32m  OK  [0m] Started File System Check on Root Device.
[    8.987038] systemd[1]: Starting Remount Root and Kernel File Systems...
         Starting Remount Root and Kernel File Systems...
[    9.035162] systemd[1]: Started Journal Service.
[[0;32m  OK  [0m] Started Journal Service.
[    9.040268] EXT4-fs (sda1): re-mounted. Opts: (null)
[[0;32m  OK  [0m] Started Remount Root and Kernel File Systems.
         Starting Load/Save Random Seed...
         Starting udev Coldplug all Devices...
         Starting Flush Journal to Persistent Storage...
[[0;32m  OK  [0m] Started Load/Save Random Seed.
[[0;32m  OK  [0m] Started udev Coldplug all Devices.
[    9.333437] systemd-journald[367]: Received request to flush runtime journal from PID 1
[[0;32m  OK  [0m] Started Flush Journal to Persistent Storage.
[[0;32m  OK  [0m] Started LVM2 metadata daemon.
[    9.410063] iscsi: registered transport (iser)
[[0;32m  OK  [0m] Started Load Kernel Modules.
         Starting Apply Kernel Variables...
         Mounting FUSE Control File System...
[[0;32m  OK  [0m] Mounted FUSE Control File System.
[[0;32m  OK  [0m] Started Create Static Device Nodes in /dev.
         Starting udev Kernel Device Manager...
[[0;32m  OK  [0m] Started Apply Kernel Variables.
[[0;32m  OK  [0m] Started Monitoring of LVM2 mirrors,...ng dmeventd or progress polling.
[[0;32m  OK  [0m] Reached target Local File Systems (Pre).
[[0;32m  OK  [0m] Reached target Local File Systems.
         Starting Create Volatile Files and Directories...
         Starting Commit a transient machine-id on disk...
         Starting Set console font and keymap...
         Starting Initial cloud-init job (pre-networking)...
         Starting LSB: AppArmor initialization...
         Starting Tell Plymouth To Write Out Runtime Data...
[[0;32m  OK  [0m] Started udev Kernel Device Manager.
[[0;32m  OK  [0m] Started Dispatch Password Requests to Console Directory Watch.
[[0;32m  OK  [0m] Started Commit a transient machine-id on disk.
[[0;32m  OK  [0m] Started Create Volatile Files and Directories.
         Starting Update UTMP about System Boot/Shutdown...
[[0;32m  OK  [0m] Started Update UTMP about System Boot/Shutdown.
[[0;32m  OK  [0m] Started Tell Plymouth To Write Out Runtime Data.
[[0;32m  OK  [0m] Found device /dev/ttyS0.
[[0;32m  OK  [0m] Listening on Load/Save RF Kill Switch Status /dev/rfkill Watch.
[[0;32m  OK  [0m] Started Set console font and keymap.
[[0;32m  OK  [0m] Created slice system-getty.slice.
[[0;32m  OK  [0m] Started LSB: AppArmor initialization.
         Starting Load AppArmor profiles managed internally by snapd...
[[0;32m  OK  [0m] Started Load AppArmor profiles managed internally by snapd.
[   16.799762] cloud-init[491]: Cloud-init v. 21.1-19-gbad84ad4-0ubuntu1~16.04.2 running 'init-local' at Sun, 17 Oct 2021 08:38:58 +0000. Up 15.81 seconds.
[[0;32m  OK  [0m] Started Initial cloud-init job (pre-networking).
[[0;32m  OK  [0m] Reached target Network (Pre).
         Starting Raise network interfaces...
[[0;32m  OK  [0m] Started Raise network interfaces.
         Starting Initial cloud-init job (metadata service crawler)...
[[0;32m  OK  [0m] Reached target Network.
[   20.228461] cloud-init[962]: Cloud-init v. 21.1-19-gbad84ad4-0ubuntu1~16.04.2 running 'init' at Sun, 17 Oct 2021 08:39:00 +0000. Up 17.44 seconds.
[   20.230758] cloud-init[962]: ci-info: ++++++++++++++++++++++++++++++++++++++Net device info+++++++++++++++++++++++++++++++++++++++
[   20.233084] cloud-init[962]: ci-info: +--------+-------+----------------------------+---------------+--------+-------------------+
[   20.235348] cloud-init[962]: ci-info: | Device |   Up  |          Address           |      Mask     | Scope  |     Hw-Address    |
[   20.237594] cloud-init[962]: ci-info: +--------+-------+----------------------------+---------------+--------+-------------------+
[   20.240595] cloud-init[962]: ci-info: | enp0s3 |  True |         10.0.2.15          | 255.255.255.0 | global | 02:a0:46:b5:71:eb |
[   20.242989] cloud-init[962]: ci-info: | enp0s3 |  True | fe80::a0:46ff:feb5:71eb/64 |       .       |  link  | 02:a0:46:b5:71:eb |
[   20.245290] cloud-init[962]: ci-info: | enp0s8 | False |             .              |       .       |   .    | 08:00:27:41:73:18 |
[   20.248003] cloud-init[962]: ci-info: |   lo   |  True |         127.0.0.1          |   255.0.0.0   |  host  |         .         |
[   20.250830] cloud-init[962]: ci-info: |   lo   |  True |          ::1/128           |       .       |  host  |         .         |
[   20.260558] cloud-init[962]: ci-info: +--------+-------+----------------------------+---------------+--------+-------------------+
[   20.263811] cloud-init[962]: ci-info: +++++++++++++++++++++++++++Route IPv4 info++++++++++++++++++++++++++++
[   20.266821] cloud-init[962]: ci-info: +-------+-------------+----------+---------------+-----------+-------+
[   20.269714] cloud-init[962]: ci-info: | Route | Destination | Gateway  |    Genmask    | Interface | Flags |
[   20.272214] cloud-init[962]: ci-info: +-------+-------------+----------+---------------+-----------+-------+
[   20.276123] cloud-init[962]: ci-info: |   0   |   0.0.0.0   | 10.0.2.2 |    0.0.0.0    |   enp0s3  |   UG  |
[   20.278292] cloud-init[962]: ci-info: |   1   |   10.0.2.0  | 0.0.0.0  | 255.255.255.0 |   enp0s3  |   U   |
[   20.280330] cloud-init[962]: ci-info: +-------+-------------+----------+---------------+-----------+-------+
[   20.282814] cloud-init[962]: ci-info: +++++++++++++++++++Route IPv6 info+++++++++++++++++++
[   20.285148] cloud-init[962]: ci-info: +-------+-------------+---------+-----------+-------+
[   20.287385] cloud-init[962]: ci-info: | Route | Destination | Gateway | Interface | Flags |
[   20.289807] cloud-init[962]: ci-info: +-------+-------------+---------+-----------+-------+
[   20.292126] cloud-init[962]: ci-info: |   0   |  fe80::/64  |    ::   |   enp0s3  |   U   |
[   20.294424] cloud-init[962]: ci-info: |   3   |   ff00::/8  |    ::   |   enp0s3  |   U   |
[   20.296883] cloud-init[962]: ci-info: +-------+-------------+---------+-----------+-------+
[[0;32m  OK  [0m] Started Initial cloud-init job (metadata service crawler).
[[0;32m  OK  [0m] Reached target Network is Online.
[   20.298753] cloud-init[962]: Generating public/private rsa key pair.
[   20.304661] cloud-init[962]: Your identification has been saved in /etc/ssh/ssh_host_rsa_key.
[   20.306554] cloud-init[962]: Your public key has been saved in /etc/ssh/ssh_host_rsa_key.pub.
[   20.308341] cloud-init[962]: The key fingerprint is:
[   20.309504] cloud-init[962]: SHA256:aIx/Rd3s/OznLE0ZtrzwvofKq1LfQPbQf+5mJJOOoHc root@ubuntu-xenial
[   20.311189] cloud-init[962]: The key's randomart image is:
[   20.312501] cloud-init[962]: +---[RSA 2048]----+
[   20.313659] cloud-init[962]: |                 |
[   20.314790] cloud-init[962]: |           . o   |
         Starting iSCSI initiator daemon (iscsid)...
[[0;32m  OK  [0m] Reached target Cloud-config availability.
[   20.315941] cloud-init[962]: |          . ..o  |
[   20.318310] cloud-init[962]: |     o . .  +o.o |
[   20.319160] cloud-init[962]: |    . + S .o o=o+|
[   20.319699] cloud-init[962]: |     o   .o ..=*=|
[   20.320428] cloud-init[962]: |      . .o o =oO=|
[   20.322513] cloud-init[962]: |       .o ..E ==B|
[   20.327267] cloud-init[962]: |         o.o+o.OO|
[   20.328106] cloud-init[962]: +----[SHA256]-----+
[   20.328345] cloud-init[962]: Generating public/private dsa key pair.
[   20.328959] cloud-init[962]: Your identification has been saved in /etc/ssh/ssh_host_dsa_key.
[   20.329760] cloud-init[962]: Your public key has been saved in /etc/ssh/ssh_host_dsa_key.pub.
[   20.330335] cloud-init[962]: The key fingerprint is:
[   20.330922] cloud-init[962]: SHA256:XYE2HwxKLUhcg2khvJhIVvrm2a28P8PiooWkLtqAuUU root@ubuntu-xenial
[   20.331347] cloud-init[962]: The key's randomart image is:
[   20.331946] cloud-init[962]: +---[DSA 1024]----+
[[0;32m  OK  [0m] Reached target System Initialization.
[   20.332703] cloud-init[962]: |  .o.oo*+..+.    |
[   20.338062] cloud-init[962]: | o. ..*..o= o.   |
[   20.338228] cloud-init[962]: |oo o o  .o o..   |
[   20.338882] cloud-init[962]: |. + .    . ..    |
[[0;32m  OK  [0m] Started Ubuntu Advantage update messaging.
[   20.339451] cloud-init[962]: | .Eo    S .      |
         Starting Socket activation for snappy daemon.
[[0;32m  OK  [0m] [   20.343189] cloud-init[962]: |+o+ o .          |
[   20.345241] cloud-init[962]: |=..+ ...         |
[   20.345770] cloud-init[962]: |o=.....+         |
[   20.346549] cloud-init[962]: |=oo o=+.o        |
[   20.347142] cloud-init[962]: +----[SHA256]-----+
[   20.348125] cloud-init[962]: Generating public/private ecdsa key pair.
[   20.348676] cloud-init[962]: Your identification has been saved in /etc/ssh/ssh_host_ecdsa_key.
[   20.349485] cloud-init[962]: Your public key has been saved in /etc/ssh/ssh_host_ecdsa_key.pub.
[   20.350092] cloud-init[962]: The key fingerprint is:
[   20.350661] cloud-init[962]: SHA256:WmQHgZMbTyWResOBbNWCeqGsaxLete3KREqBEqy9EKE root@ubuntu-xenial
[   20.351454] cloud-init[962]: The key's randomart image is:
[   20.352151] cloud-init[962]: +---[ECDSA 256]---+
[   20.352603] cloud-init[962]: |+.   . ***.      |
[   20.353200] cloud-init[962]: |oo.   @ =o.      |
[   20.354021] cloud-init[962]: |E+ o + Xoo.      |
[   20.354597] cloud-init[962]: |+ . = +o=.       |
[   20.355722] cloud-init[962]: | . + o .S.       |
[   20.356541] cloud-init[962]: |. + o. o         |
[   20.357143] cloud-init[962]: |...o..+          |
[   20.357723] cloud-init[962]: |..o.o. .         |
[   20.358318] cloud-init[962]: | o   oo.         |
[   20.359111] cloud-init[962]: +----[SHA256]-----+
[   20.360382] cloud-init[962]: Generating public/private ed25519 key pair.
[   20.362154] cloud-init[962]: Your identification has been saved in /etc/ssh/ssh_host_ed25519_key.
[   20.363492] cloud-init[962]: Your public key has been saved in /etc/ssh/ssh_host_ed25519_key.pub.
[   20.364559] cloud-init[962]: The key fingerprint is:
[   20.365190] cloud-init[962]: SHA256:rli8W5lc9MD3O3SWHEIiO4NLkFe7VRbPd9Oeh7XOXeI root@ubuntu-xenial
[   20.366063] cloud-init[962]: The key's randomart image is:
[   20.367870] cloud-init[962]: +--[ED25519 256]--+
[   20.369547] cloud-init[962]: |     .. .o . =.  |
[   20.370102] cloud-init[962]: |     .....+ = o .|
[   20.370939] cloud-init[962]: |      .o =+... ==|
Listening on ACPID Listen Socket.
[   20.372555] cloud-init[962]: |      . ..=+ .o+O|
[[0;32m  OK  [0m] Started Message of the Day.
[   20.376461] cloud-init[962]: |       .S.. . ==*|
[   20.378100] cloud-init[962]: |     . o +   oo=+|
[   20.379078] cloud-init[962]: |      o *     Eo.|
[   20.380214] cloud-init[962]: |     o +       . |
[   20.381352] cloud-init[962]: |    . +.         |
[   20.382478] cloud-init[962]: +----[SHA256]-----+
[[0;32m  OK  [0m] Started ACPI Events Check.
[[0;32m  OK  [0m] Reached target Paths.
[[0;32m  OK  [0m] Listening on D-Bus System Message Bus Socket.
[[0;32m  OK  [0m] Started Daily Cleanup of Temporary Directories.
         Starting LXD - unix socket.
[[0;32m  OK  [0m] Listening on UUID daemon activation socket.
[[0;32m  OK  [0m] Started Daily apt download activities.
[[0;32m  OK  [0m] Started Daily apt upgrade and clean activities.
[[0;32m  OK  [0m] Reached target Timers.
[[0;32m  OK  [0m] Listening on Socket activation for snappy daemon.
[[0;32m  OK  [0m] Listening on LXD - unix socket.
[[0;32m  OK  [0m] Reached target Sockets.
[[0;32m  OK  [0m] Reached target Basic System.
         Starting LSB: Record successful boot for GRUB...
         Starting /etc/rc.local Compatibility...
[[0;32m  OK  [0m] Started Deferred execution scheduler.
         Starting Login Service...
         Starting Pollinate to seed the pseudo random number generator...
[[0;32m  OK  [0m] Started D-Bus System Message Bus.
         Starting System Logging Service...
         Starting LSB: MD monitoring daemon...
         Starting Virtualbox guest utils...
         Starting Accounts Service...
[[0;32m  OK  [0m] Started ACPI event daemon.
[[0;32m  OK  [0m] Started Regular background program processing daemon.
         Starting LXD - container startup/shutdown...
[[0;32m  OK  [0m] Started FUSE filesystem for LXC.
         Starting Snap Daemon...
[[0;32m  OK  [0m] Started iSCSI initiator daemon (iscsid).
[[0;32m  OK  [0m] Started /etc/rc.local Compatibility.
         Starting Login to default iSCSI targets...
[[0;32m  OK  [0m] Started Login Service.
[[0;32m  OK  [0m] Started Unattended Upgrades Shutdown.
[[0;32m  OK  [0m] Started LSB: Record successful boot for GRUB.
[[0;32m  OK  [0m] Started LSB: MD monitoring daemon.
[[0;32m  OK  [0m] Started Login to default iSCSI targets.
[[0;32m  OK  [0m] Reached target Remote File Systems (Pre).
[[0;32m  OK  [0m] Reached target Remote File Systems.
         Starting LSB: daemon to balance interrupts for SMP systems...
         Starting LSB: Set the CPU Frequency Scaling governor to "ondemand"...
         Starting Permit User Sessions...
         Starting LSB: automatic crash report generation...
[[0;32m  OK  [0m] Started LSB: Set the CPU Frequency Scaling governor to "ondemand".
[[0;32m  OK  [0m] Started Permit User Sessions.
         Starting Hold until boot process finishes up...
         Starting Terminate Plymouth Boot Screen...
[[0;32m  OK  [0m] Started Hold until boot process finishes up.
         Starting Set console scheme...
[[0;32m  OK  [0m] Started Getty on tty1.
[[0;32m  OK  [0m] Started Serial Getty on ttyS0.
[[0;32m  OK  [0m] Reached target Login Prompts.
[[0;32m  OK  [0m] Started Terminate Plymouth Boot Screen.
[[0;32m  OK  [0m] Started System Logging Service.
[[0;32m  OK  [0m] Started Set console scheme.
[[0;32m  OK  [0m] Started LSB: automatic crash report generation.
[[0;32m  OK  [0m] Started LSB: daemon to balance interrupts for SMP systems.
[[0;32m  OK  [0m] Started Virtualbox guest utils.
         Starting Authenticate and Authorize Users to Run Privileged Tasks...
[[0;32m  OK  [0m] Started Authenticate and Authorize Users to Run Privileged Tasks.
[[0;32m  OK  [0m] Started Accounts Service.
[[0;32m  OK  [0m] Started Snap Daemon.
         Starting Wait until snapd is fully seeded...
[[0;32m  OK  [0m] Started LXD - container startup/shutdown.

Ubuntu 16.04.7 LTS ubuntu-xenial ttyS0

ubuntu-xenial login: [   36.679239] cloud-init[1526]: Generating locales (this might take a while)...
[   38.184856] cloud-init[1526]:   en_US.UTF-8... done
[   38.185957] cloud-init[1526]: Generation complete.
[   39.914915] cloud-init[1526]: Cloud-init v. 21.1-19-gbad84ad4-0ubuntu1~16.04.2 running 'modules:config' at Sun, 17 Oct 2021 08:39:18 +0000. Up 36.06 seconds.
ci-info: no authorized SSH keys fingerprints found for user ubuntu.
<14>Oct 17 08:39:23 ec2: 
<14>Oct 17 08:39:23 ec2: #############################################################
<14>Oct 17 08:39:23 ec2: -----BEGIN SSH HOST KEY FINGERPRINTS-----
<14>Oct 17 08:39:23 ec2: 1024 SHA256:XYE2HwxKLUhcg2khvJhIVvrm2a28P8PiooWkLtqAuUU root@ubuntu-xenial (DSA)
<14>Oct 17 08:39:23 ec2: 256 SHA256:WmQHgZMbTyWResOBbNWCeqGsaxLete3KREqBEqy9EKE root@ubuntu-xenial (ECDSA)
<14>Oct 17 08:39:23 ec2: 256 SHA256:rli8W5lc9MD3O3SWHEIiO4NLkFe7VRbPd9Oeh7XOXeI root@ubuntu-xenial (ED25519)
<14>Oct 17 08:39:23 ec2: 2048 SHA256:aIx/Rd3s/OznLE0ZtrzwvofKq1LfQPbQf+5mJJOOoHc root@ubuntu-xenial (RSA)
<14>Oct 17 08:39:23 ec2: -----END SSH HOST KEY FINGERPRINTS-----
<14>Oct 17 08:39:23 ec2: #############################################################
-----BEGIN SSH HOST KEY KEYS-----
ecdsa-sha2-nistp256 AAAAE2VjZHNhLXNoYTItbmlzdHAyNTYAAAAIbmlzdHAyNTYAAABBBMXZrQbqd/l1zvazoAi+AgH6sjzem5M1XtJHAtcBf0QC8A22i+P6ZhDpL48c2BD8WtKufLfQJOPdh8p6QG6fghs= root@ubuntu-xenial
ssh-ed25519 AAAAC3NzaC1lZDI1NTE5AAAAIIXk5pzSrwJWX8s1CFziWOqs16FUPvLIkwjiGd6Ysm/v root@ubuntu-xenial
ssh-rsa AAAAB3NzaC1yc2EAAAADAQABAAABAQDStK9s4wzfAvQUpE3H5EWZf7dE6J4aDWuwXMClP3Uq8XOEqbp4hZnmN+iCQLjpXp3hr2118NSfk5mND1QgRoU3semEqZBbtOkHwTNuRlcyOMLRG3My8q9DZqYD85ZXodu82NiMTet8/VP+D/DvhAtYPJuprwFQDYcEFSsIuZM0PL55A6KAYMK5tzUo4aVQcadl/lSUKCFxhD83hrf4LwPiVee6u2PLadVkaO9zmXq19UiedpePS4be+No7GPNATrqUw1YlNS52K8gYsLR7BZvrxTMWrrM54BEguDQu3aaja6nl1+YKsTPTkE4wm6krommxhEni9mZJhIaP2hKqu+dz root@ubuntu-xenial
-----END SSH HOST KEY KEYS-----
[   40.657893] cloud-init[1746]: Cloud-init v. 21.1-19-gbad84ad4-0ubuntu1~16.04.2 running 'modules:final' at Sun, 17 Oct 2021 08:39:22 +0000. Up 40.32 seconds.
[   40.658120] cloud-init[1746]: ci-info: no authorized SSH keys fingerprints found for user ubuntu.
[   40.660509] cloud-init[1746]: Cloud-init v. 21.1-19-gbad84ad4-0ubuntu1~16.04.2 finished at Sun, 17 Oct 2021 08:39:23 +0000. Datasource DataSourceNoCloud [seed=/dev/sdb][dsmode=net].  Up 40.64 seconds
[[0;32m  OK  [0m] Stopped target Graphical Interface.
         Stopping Session 3 of user vagrant.
[[0;32m  OK  [0m] Closed Load/Save RF Kill Switch Status /dev/rfkill Watch.
         Stopping User Manager for UID 1000...
         Stopping Accounts Service...
         Stopping Authenticate and Authorize Users to Run Privileged Tasks...
         Stopping ACPI event daemon...
[[0;32m  OK  [0m] Stopped target Timers.
[[0;32m  OK  [0m] Stopped Daily Cleanup of Temporary Directories.
[[0;32m  OK  [0m] Stopped Daily apt upgrade and clean activities.
[[0;32m  OK  [0m] Stopped Daily apt download activities.
[[0;32m  OK  [0m] Stopped target Cloud-init target.
[[0;32m  OK  [0m] Stopped Execute cloud user/final scripts.
[[0;32m  OK  [0m] Stopped target Multi-User System.
         Stopping LXD - container startup/shutdown...
         Stopping Regular background program processing daemon...
         Stopping LSB: Record successful boot for GRUB...
         Stopping FUSE filesystem for LXC...
         Stopping LSB: Set the CPU Frequency Scaling governor to "ondemand"...
[[0;32m  OK  [0m] Stopped target Login Prompts.
         Stopping Serial Getty on ttyS0...
         Stopping Getty on tty1...
         Stopping System Logging Service...
         Stopping LSB: daemon to balance interrupts for SMP systems...
         Stopping LSB: Apache2 web server...
         Stopping Deferred executi         Stopping Virtualbox guest utils...
         Stopping LSB: MD monitoring daemon...
         Stopping LSB: automatic crash report generation...
         Stopping OpenBSD Secure Shell server...
         Stopping D-Bus System Message Bus...
[[0;32m  OK  [0m] Stopped Apply the settings specified in cloud-config.
[[0;32m  OK  [0m] Stopped Wait until snapd is fully seeded.
[[0;32m  OK  [0m] Stopped target Cloud-config availability.
[[0;32m  OK  [0m] Stopped Ubuntu Advantage update messaging.
[[0;32m  OK  [0m] Stopped Message of the Day.
[[0;32m  OK  [0m] Stopped target System Time Synchronized.
[[0;32m  OK  [0m] Unmounted /var/lib/lxcfs.
[[0;32m  OK  [0m] Stopped Deferred execution scheduler.
[[0;32m  OK  [0m] Stopped System Logging Service.
[[0;32m  OK  [0m] Stopped Accounts Service.
[[0;32m  OK  [0m] Stopped ACPI event daemon.
[[0;32m  OK  [0m] Stopped Regular background program processing daemon.
[[0;32m  OK  [0m] Stopped Getty on tty1.
[[0;32m  OK  [0m] Stopped Serial Getty on ttyS0.
[[0;32m  OK  [0m] Stopped Authenticate and Authorize Users to Run Privileged Tasks.
[[0;32m  OK  [0m] Stopped OpenBSD Secure Shell server.
[[0;32m  OK  [0m] Stopped User Manager for UID 1000.
[[0;32m  OK  [0m] Stopped Session 3 of user vagrant.
[[0;32m  OK  [0m] Stopped D-Bus System Message Bus.
[[0;32m  OK  [0m] Stopped FUSE filesystem for LXC.
[[0;32m  OK  [0m] Stopped LSB: Set the CPU Frequency Scaling governor to "ondemand".
[[0;32m  OK  [0m] Stopped LSB: Record successful boot for GRUB.
[[0;32m  OK  [0m] Stopped LSB: daemon to balance interrupts for SMP systems.
[[0;32m  OK  [0m] Stopped LSB: MD monitoring daemon.
[[0;32m  OK  [0m] Stopped LXD - container startup/shutdown.
[[0;32m  OK  [0m] Removed slice User Slice of vagrant.
         Stopping Login Service...
[[0;32m  OK  [0m] Removed slice system-serial\x2dgetty.slice.
         Stopping Permit User Sessions...
[[0;32m  OK  [0m] Stopped /etc/rc.local Compatibility.
[[0;32m  OK  [0m] Removed slice system-getty.slice.
[[0;32m  OK  [0m] Stopped Virtualbox guest utils.
[[0;32m  OK  [0m] Stopped LSB: automatic crash report generation.
[[0;32m  OK  [0m] Stopped Permit User Sessions.
[[0;32m  OK  [0m] Stopped Login Service.
[[0;32m  OK  [0m] Stopped target User and Group Name Lookups.
[[0;32m  OK  [0m] Stopped LSB: Apache2 web server.
[[0;32m  OK  [0m] Stopped target Basic System.
[[0;32m  OK  [0m] Stopped target Slices.
[[0;32m  OK  [0m] Removed slice User and Session Slice.
[[0;32m  OK  [0m] Stopped target Sockets.
[[0;32m  OK  [0m] Closed UUID daemon activation socket.
[[0;32m  OK  [0m] Closed Socket activation for snappy daemon.
[[0;32m  OK  [0m] Closed ACPID Listen Socket.
[[0;32m  OK  [0m] Closed D-Bus System Message Bus Socket.
[[0;32m  OK  [0m] Closed Syslog Socket.
[[0;32m  OK  [0m] Closed LXD - unix socket.
[[0;32m  OK  [0m] Stopped target Paths.
[[0;32m  OK  [0m] Stopped ACPI Events Check.
[[0;32m  OK  [0m] Stopped target System Initialization.
         Stopping Update UTMP about System Boot/Shutdown...
         Stopping Load/Save Random Seed...
[[0;32m  OK  [0m] Stopped target Swap.
[[0;32m  OK  [0m] Stopped target Encrypted Volumes.
[[0;32m  OK  [0m] Stopped Commit a transient machine-id on disk.
[[0;32m  OK  [0m] Stopped Forward Password Requests to Wall Directory Watch.
[[0;32m  OK  [0m] Stopped Dispatch Password Requests to Console Directory Watch.
[[0;32m  OK  [0m] Stopped target Remote File Systems.
         Unmounting /vagrant...
[[0;32m  OK  [0m] Stopped Load/Save Random Seed.
[[0;32m  OK  [0m] Stopped Update UTMP about System Boot/Shutdown.
[[0;32m  OK  [0m] Unmounted /vagrant.
[[0;32m  OK  [0m] Stopped target Remote File Systems (Pre).
         Stopping Login to default iSCSI targets...
[[0;32m  OK  [0m] Stopped Create Volatile Files and Directories.
[[0;32m  OK  [0m] Stopped Login to default iSCSI targets.
         Stopping iSCSI initiator daemon (iscsid)...
[[0;32m  OK  [0m] Stopped iSCSI initiator daemon (iscsid).
[[0;32m  OK  [0m] Stopped target Network is Online.
[[0;32m  OK  [0m] Stopped target Network.
[[0;32m  OK  [0m] Stopped Initial cloud-init job (metadata service crawler).
         Stopping Raise network interfaces...
[[0;32m  OK  [0m] Stopped Raise network interfaces.
[[0;32m  OK  [0m] Stopped target Network (Pre).
[[0;32m  OK  [0m] Stopped Initial cloud-init job (pre-networking).
[[0;32m  OK  [0m] Stopped target Local File Systems.
         Unmounting /run/user/1000...
[[0;32m  OK  [0m] Stopped Apply Kernel Variables.
[[0;32m  OK  [0m] Stopped Load Kernel Modules.
[[0;32m  OK  [0m] Unmounted /run/user/1000.
[[0;32m  OK  [0m] Reached target Unmount All Filesystems.
[[0;32m  OK  [0m] Stopped target Local File Systems (Pre).
[[0;32m  OK  [0m] Stopped Remount Root and Kernel File Systems.
         Stopping Monitoring of LVM2 mirrors... dmeventd or progress polling...
[[0;32m  OK  [0m] Stopped Create Static Device Nodes in /dev.
[[0;32m  OK  [0m] Reached target Shutdown.
[  371.706677] reboot: Power down
